<?xml version="1.0" encoding="UTF-8"?>
<!-- Generated by org.testng.reporters.JUnitReportReporter -->
<testsuite skipped="0" hostname="wisgndtyazeg2" name="TestGetApi.AllStep" tests="1" failures="0" timestamp="2021-01-31T13:12:02 EET" time="8.407" errors="0">
  <testcase name="Step2" time="8.407" classname="TestGetApi.AllStep"/>
  <system-out/>
</testsuite> <!-- TestGetApi.AllStep -->
